2024-01-15 00:01:12 INFO Application boot sequence initiated
2024-01-15 00:01:15 INFO Connecting to PostgreSQL database on port 5432
2024-01-15 00:01:16 INFO Database connection established successfully
2024-01-15 00:01:18 INFO Flask web server starting on port 5000
2024-01-15 00:01:21 INFO Scheduler initialized with 4 background jobs
2024-01-15 00:02:00 INFO User login attempt: user=admin ip=192.168.1.10
2024-01-15 00:02:01 INFO Authentication successful for user: admin
2024-01-15 00:02:10 WARNING Failed login attempt: user=root ip=203.45.67.89
2024-01-15 00:02:11 WARNING Failed login attempt: user=root ip=203.45.67.89
2024-01-15 00:02:13 ERROR Too many failed login attempts from ip=203.45.67.89 account blocked
2024-01-15 00:03:00 INFO GET /api/users 200 OK 45ms
2024-01-15 00:03:05 WARNING Response time exceeded 200ms threshold GET /api/reports took 430ms
2024-01-15 00:03:15 ERRORS Database query timeout after 30 seconds on table=transactions
2024-01-15 00:03:20 INFO Retrying database connection attempt 1 of 3
2024-01-15 00:03:25 INFO Retrying database connection attempt 2 of 3
2024-01-15 00:03:30 ERROR Database reconnection failed all retries exhausted
2024-01-15 00:04:00 CRITICAL Application entering emergency fallback mode
2024-01-15 00:04:05 WARNING Cache miss rate above 80 percent performance degraded
2024-01-15 00:04:10 INFO Switched to read-only mode to protect data integrity
2024-01-15 00:05:00 INFO Database connection restored successfully
2024-01-15 00:05:01 INFO Resuming normal operations
2024-01-15 00:06:00 INFO Scheduled backup job started
2024-01-15 00:06:30 WARNING Backup storage disk usage at 85 percent
2024-01-15 00:06:45 ERROR Backup failed permission denied on /mnt/backup
2024-01-15 00:07:00 INFO Retrying backup with elevated permissions
2024-01-15 00:07:15 INFO Backup completed successfully 2.3GB written
2024-01-15 00:08:00 DEBUG Memory usage: heap=512MB free=128MB
2024-01-15 00:08:30 WARNING Memory usage crossed 75 percent threshold
2024-01-15 00:09:00 ERROR Null pointer exception in module=auth function=validateToken
2024-01-15 00:09:01 ERROR Stack trace: AuthService.java line 142 NullPointerException
2024-01-15 00:09:05 INFO Auth module restarted automatically
2024-01-15 00:10:00 INFO User logout: user=john.doe session_duration=48min
2024-01-15 00:10:30 WARNING SSL certificate expires in 7 days domain=app.company.com
2024-01-15 00:11:00 ERROR API rate limit exceeded for client_id=7743 ip=45.33.21.10
2024-01-15 00:11:30 INFO Rate limit reset for client_id=7743
2024-01-15 00:12:00 DEBUG Garbage collection completed freed 64MB in 120ms
2024-01-15 00:13:00 WARNING Disk I/O latency spike detected avg=340ms expected=50ms
2024-01-15 00:14:00 ERROR Failed to send email notification SMTP timeout host=smtp.relay.com
2024-01-15 00:15:00 INFO Health check passed all systems operational
2024-01-15 00:15:30 INFO Application running normally uptime=74min